<?xml version="1.0" encoding="UTF-8"?>
<testsuite xmlns:xsi="http://www.w3.org/2001/XMLSchema-instance" xsi:noNamespaceSchemaLocation="https://maven.apache.org/surefire/maven-surefire-plugin/xsd/surefire-test-report-3.0.xsd" version="3.0" name="junit5Basic.mathUtilTest" time="28.455" tests="48" errors="0" skipped="0" failures="1">
  <properties>
[...]
</properties>
  <testcase name="postDigitalbank_API_TokenLogIn" classname="junit5Basic.mathUtilTest$Token" time="2.304"/>
  <testcase name="postDigitalbank_API_ValidateOTP" classname="junit5Basic.mathUtilTest$Token" time="1.031"/>
  <testcase name="postDigitalbank_Admin_User" classname="junit5Basic.mathUtilTest$User" time="0.46"/>
  <testcase name="postDigitalbank_Admin_User_GetID_807" classname="junit5Basic.mathUtilTest$User" time="0.331"/>
  <testcase name="postDigitalbank_Customer_Transactions_GetID_2475" classname="junit5Basic.mathUtilTest$Transaction" time="0.336"/>
  <testcase name="postDigitalbank_Customer_Transactions" classname="junit5Basic.mathUtilTest$Transaction" time="1"/>
  <testcase name="postDigitalbank_Customer_Transactions_AccountDropdown" classname="junit5Basic.mathUtilTest$Transaction" time="0.729"/>
  <testcase name="postDigitalbank_Admin_Transactions" classname="junit5Basic.mathUtilTest$Transaction" time="1.584"/>
  <testcase name="postDigitalbank_Admin_Transactions_GetID_2475" classname="junit5Basic.mathUtilTest$Transaction" time="0.392"/>
  <testcase name="postDigitalbank_Customer_Transactions_SAVE" classname="junit5Basic.mathUtilTest$Transaction" time="0.324"/>
  <testcase name="postDigitalbank_Admin_StandingInstruction" classname="junit5Basic.mathUtilTest$StandingInstruction" time="0.932"/>
  <testcase name="postDigitalbank_Customer_StandingInstruction" classname="junit5Basic.mathUtilTest$StandingInstruction" time="0.536"/>
  <testcase name="postDigitalbank_Admin_StandingInstruction_GetID_6" classname="junit5Basic.mathUtilTest$StandingInstruction" time="0.404"/>
  <testcase name="postDigitalbank_Customer_StandingInstruction_SAVE" classname="junit5Basic.mathUtilTest$StandingInstruction" time="0.42"/>
  <testcase name="postDigitalbank_Customer_StandingInstruction_Authorise" classname="junit5Basic.mathUtilTest$StandingInstruction" time="0.416"/>
  <testcase name="postDigitalbank_Customer_StandingInstruction_GetID_6" classname="junit5Basic.mathUtilTest$StandingInstruction" time="0.368"/>
  <testcase name="postDigitalbank_Customer_StandingInstruction_Dropdown" classname="junit5Basic.mathUtilTest$StandingInstruction" time="0.393"/>
  <testcase name="postDigitalbank_Customer_ServiceRequest_AuditYearDropdown" classname="junit5Basic.mathUtilTest$ServiceRequest" time="0.328"/>
  <testcase name="postDigitalbank_Customer_ServiceRequest_SAVE" classname="junit5Basic.mathUtilTest$ServiceRequest" time="0.315"/>
  <testcase name="postDigitalbank_Customer_ServiceRequest_DurationDropdown" classname="junit5Basic.mathUtilTest$ServiceRequest" time="0.421"/>
  <testcase name="postDigitalbank_Customer_ServiceRequest_GETid_335" classname="junit5Basic.mathUtilTest$ServiceRequest" time="0.404"/>
  <testcase name="postDigitalbank_Customer_ServiceREQ" classname="junit5Basic.mathUtilTest$ServiceRequest" time="0.396"/>
  <testcase name="postDigitalbank_Admin_ServiceREQ" classname="junit5Basic.mathUtilTest$ServiceRequest" time="0.908"/>
  <testcase name="postDigitalbank_Admin_ServiceRequest_GETid_335" classname="junit5Basic.mathUtilTest$ServiceRequest" time="0.336"/>
  <testcase name="postDigitalbank_Customer_ServiceRequest_ServiceTypeDropdown" classname="junit5Basic.mathUtilTest$ServiceRequest" time="0.32"/>
  <testcase name="postDigitalbank_Admin_Role_GetID_10" classname="junit5Basic.mathUtilTest$Role" time="0.308"/>
  <testcase name="postDigitalbank_Admin_Role" classname="junit5Basic.mathUtilTest$Role" time="0.568"/>
  <testcase name="postDigitalbank_Admin_Role_SAVE" classname="junit5Basic.mathUtilTest$Role" time="0.376"/>
  <testcase name="postDigitalbank_Common_Notification_Review_11" classname="junit5Basic.mathUtilTest$Notification" time="0.46"/>
  <testcase name="postDigitalbank_Common_Notification" classname="junit5Basic.mathUtilTest$Notification" time="0.424"/>
  <testcase name="postDigitalbank_Admin_Invest_GETid_2494" classname="junit5Basic.mathUtilTest$Investment" time="0.308"/>
  <testcase name="postDigitalbank_Customer_Invest_GETid_2494" classname="junit5Basic.mathUtilTest$Investment" time="0.308"/>
  <testcase name="postDigitalbank_Customer_invest" classname="junit5Basic.mathUtilTest$Investment" time="0.838"/>
  <testcase name="postDigitalbank_Admin_invest" classname="junit5Basic.mathUtilTest$Investment" time="0.834"/>
  <testcase name="postDigitalbank_Customer_Invest_SAVE" classname="junit5Basic.mathUtilTest$Investment" time="0.316"/>
  <testcase name="postDigitalbank_Common_CurrencyDropDown" classname="junit5Basic.mathUtilTest$Common" time="0.58"/>
  <testcase name="postDigitalbank_Common_CountryDropDown" classname="junit5Basic.mathUtilTest$Common" time="0.588"/>
  <testcase name="postDigitalbank_customer_benef_GETid_269_THIS_SHOULD_PASS" classname="junit5Basic.mathUtilTest$beneficiary" time="0.392"/>
  <testcase name="postDigitalbank_Customer_benef_Authorise" classname="junit5Basic.mathUtilTest$beneficiary" time="0.388"/>
  <testcase name="postDigitalbank_customer_benef_GETid_269_THIS_MUST_FAIL" classname="junit5Basic.mathUtilTest$beneficiary" time="0.728">
    <failure type="org.opentest4j.AssertionFailedError:">org.opentest4j.AssertionFailedError: 
	at junit5Basic.mathUtilTest$beneficiary.postDigitalbank_customer_benef_GETid_269_THIS_MUST_FAIL(mathUtilTest.java:191)
</failure>
    <system-out><![CDATA[----------customer_benef_GETid_269_THIS_MUST_FAIL----------
running test for true 
i am in 0
running test for false 
i am in 1
LisenceNum :
device_type :mobile
Lisence-Key invalid
]]></system-out>
  </testcase>
  <testcase name="postDigitalbank_Customer_benef_CANCEL" classname="junit5Basic.mathUtilTest$beneficiary" time="0.412"/>
  <testcase name="postDigitalbank_customer_benef_SAVE" classname="junit5Basic.mathUtilTest$beneficiary" time="0.332"/>
  <testcase name="postDigitalbank_customer_benef_GetBankName_IBAN_BH40BBKU00200002064187" classname="junit5Basic.mathUtilTest$beneficiary" time="0.368"/>
  <testcase name="postDigitalbank_admin_benef" classname="junit5Basic.mathUtilTest$beneficiary" time="1.456"/>
  <testcase name="postDigitalbank_Customer_benef_BenefDropDown" classname="junit5Basic.mathUtilTest$beneficiary" time="1.144"/>
  <testcase name="postDigitalbank_customer_benef" classname="junit5Basic.mathUtilTest$beneficiary" time="0.568"/>
  <testcase name="postDigitalbank_Customer_benef_BenefTYPE" classname="junit5Basic.mathUtilTest$beneficiary" time="0.408"/>
  <testcase name="postDigitalbank_Admin_benef_GETid_269" classname="junit5Basic.mathUtilTest$beneficiary" time="0.38"/>
</testsuite>